{"/home/ibrahim/dreamcometrue-code/app.js": {"path":"/home/ibrahim/dreamcometrue-code/app.js","statementMap":{"0":{"start":{"line":1,"column":16},"end":{"line":1,"column":34}},"1":{"start":{"line":2,"column":13},"end":{"line":2,"column":28}},"2":{"start":{"line":3,"column":15},"end":{"line":3,"column":32}},"3":{"start":{"line":4,"column":20},"end":{"line":4,"column":42}},"4":{"start":{"line":5,"column":12},"end":{"line":5,"column":21}},"5":{"start":{"line":8,"column":13},"end":{"line":8,"column":77}},"6":{"start":{"line":11,"column":0},"end":{"line":21,"column":4}},"7":{"start":{"line":24,"column":0},"end":{"line":24,"column":23}},"8":{"start":{"line":27,"column":0},"end":{"line":27,"column":30}},"9":{"start":{"line":28,"column":0},"end":{"line":28,"column":48}},"10":{"start":{"line":31,"column":0},"end":{"line":31,"column":56}},"11":{"start":{"line":34,"column":0},"end":{"line":34,"column":40}},"12":{"start":{"line":37,"column":0},"end":{"line":39,"column":3}},"13":{"start":{"line":38,"column":2},"end":{"line":38,"column":61}},"14":{"start":{"line":41,"column":0},"end":{"line":44,"column":3}},"15":{"start":{"line":42,"column":2},"end":{"line":42,"column":27}},"16":{"start":{"line":43,"column":2},"end":{"line":43,"column":59}},"17":{"start":{"line":47,"column":0},"end":{"line":52,"column":1}},"18":{"start":{"line":48,"column":2},"end":{"line":51,"column":5}},"19":{"start":{"line":49,"column":4},"end":{"line":49,"column":70}},"20":{"start":{"line":50,"column":4},"end":{"line":50,"column":51}},"21":{"start":{"line":54,"column":0},"end":{"line":54,"column":21}}},"fnMap":{"0":{"name":"(anonymous_0)","decl":{"start":{"line":37,"column":8},"end":{"line":37,"column":9}},"loc":{"start":{"line":37,"column":22},"end":{"line":39,"column":1}},"line":37},"1":{"name":"(anonymous_1)","decl":{"start":{"line":41,"column":8},"end":{"line":41,"column":9}},"loc":{"start":{"line":41,"column":33},"end":{"line":44,"column":1}},"line":41},"2":{"name":"(anonymous_2)","decl":{"start":{"line":48,"column":19},"end":{"line":48,"column":20}},"loc":{"start":{"line":48,"column":25},"end":{"line":51,"column":3}},"line":48}},"branchMap":{"0":{"loc":{"start":{"line":8,"column":13},"end":{"line":8,"column":77}},"type":"cond-expr","locations":[{"start":{"line":8,"column":47},"end":{"line":8,"column":48}},{"start":{"line":8,"column":52},"end":{"line":8,"column":76}}],"line":8},"1":{"loc":{"start":{"line":8,"column":52},"end":{"line":8,"column":76}},"type":"binary-expr","locations":[{"start":{"line":8,"column":52},"end":{"line":8,"column":68}},{"start":{"line":8,"column":72},"end":{"line":8,"column":76}}],"line":8},"2":{"loc":{"start":{"line":47,"column":0},"end":{"line":52,"column":1}},"type":"if","locations":[{"start":{"line":47,"column":0},"end":{"line":52,"column":1}},{"start":{},"end":{}}],"line":47}},"s":{"0":2,"1":2,"2":2,"3":2,"4":2,"5":2,"6":2,"7":2,"8":2,"9":2,"10":2,"11":2,"12":2,"13":2,"14":2,"15":0,"16":0,"17":2,"18":0,"19":0,"20":0,"21":2},"f":{"0":2,"1":0,"2":0},"b":{"0":[2,0],"1":[0,0],"2":[0,2]},"_coverageSchema":"1a1c01bbd47fc00a2c39e90264f33305004495a9","hash":"cb2c1c9f38348050662a8df8cf7f7a6150f44544"}
,"/home/ibrahim/dreamcometrue-code/routes/index.js": {"path":"/home/ibrahim/dreamcometrue-code/routes/index.js","statementMap":{"0":{"start":{"line":1,"column":16},"end":{"line":1,"column":34}},"1":{"start":{"line":2,"column":15},"end":{"line":2,"column":31}},"2":{"start":{"line":5,"column":20},"end":{"line":33,"column":1}},"3":{"start":{"line":36,"column":0},"end":{"line":41,"column":3}},"4":{"start":{"line":37,"column":2},"end":{"line":40,"column":5}},"5":{"start":{"line":44,"column":0},"end":{"line":49,"column":3}},"6":{"start":{"line":45,"column":2},"end":{"line":48,"column":5}},"7":{"start":{"line":52,"column":0},"end":{"line":57,"column":3}},"8":{"start":{"line":53,"column":2},"end":{"line":56,"column":5}},"9":{"start":{"line":60,"column":0},"end":{"line":60,"column":24}},"10":{"start":{"line":61,"column":0},"end":{"line":61,"column":41}}},"fnMap":{"0":{"name":"(anonymous_0)","decl":{"start":{"line":36,"column":16},"end":{"line":36,"column":17}},"loc":{"start":{"line":36,"column":30},"end":{"line":41,"column":1}},"line":36},"1":{"name":"(anonymous_1)","decl":{"start":{"line":44,"column":21},"end":{"line":44,"column":22}},"loc":{"start":{"line":44,"column":35},"end":{"line":49,"column":1}},"line":44},"2":{"name":"(anonymous_2)","decl":{"start":{"line":52,"column":24},"end":{"line":52,"column":25}},"loc":{"start":{"line":52,"column":38},"end":{"line":57,"column":1}},"line":52}},"branchMap":{},"s":{"0":3,"1":3,"2":3,"3":3,"4":4,"5":3,"6":2,"7":3,"8":2,"9":3,"10":3},"f":{"0":4,"1":2,"2":2},"b":{},"_coverageSchema":"1a1c01bbd47fc00a2c39e90264f33305004495a9","hash":"7007a2b2229c683569b73dbf001d7cfbb59736a7"}
}
