TN:
SF:app.js
FN:37,(anonymous_0)
FN:41,(anonymous_1)
FN:48,(anonymous_2)
FNF:3
FNH:1
FNDA:2,(anonymous_0)
FNDA:0,(anonymous_1)
FNDA:0,(anonymous_2)
DA:1,2
DA:2,2
DA:3,2
DA:4,2
DA:5,2
DA:8,2
DA:11,2
DA:24,2
DA:27,2
DA:28,2
DA:31,2
DA:34,2
DA:37,2
DA:38,2
DA:41,2
DA:42,0
DA:43,0
DA:47,2
DA:48,0
DA:49,0
DA:50,0
DA:54,2
LF:22
LH:17
BRDA:8,0,0,2
BRDA:8,0,1,0
BRDA:8,1,0,0
BRDA:8,1,1,0
BRDA:47,2,0,0
BRDA:47,2,1,2
BRF:6
BRH:2
end_of_record
TN:
SF:routes/index.js
FN:36,(anonymous_0)
FN:44,(anonymous_1)
FN:52,(anonymous_2)
FNF:3
FNH:3
FNDA:4,(anonymous_0)
FNDA:2,(anonymous_1)
FNDA:2,(anonymous_2)
DA:1,3
DA:2,3
DA:5,3
DA:36,3
DA:37,4
DA:44,3
DA:45,2
DA:52,3
DA:53,2
DA:60,3
DA:61,3
LF:11
LH:11
BRF:0
BRH:0
end_of_record
